https://public-gs.s3.amazonaws.com
https://static-gs.s3.amazonaws.com
https://testgs.s3.amazonaws.com
https://usgs.s3.amazonaws.com
https://goldman.s3.amazonaws.com
https://gs2022.s3.amazonaws.com
https://gs-ads.s3.amazonaws.com
https://gs-contents.s3.amazonaws.com
https://gscontents.s3.amazonaws.com
https://gsdl.s3.amazonaws.com
https://gs-internal.s3.amazonaws.com
https://gs-mail.s3.amazonaws.com
https://gsmedia.s3.amazonaws.com
https://gs-prod.s3.amazonaws.com
https://gsrates.s3.amazonaws.com
https://gsscdn.s3.amazonaws.com
# gsscdn > Government Sales Specialists, LLC
# http://govtsales.us
https://gs-temp.s3.amazonaws.com
https://gs-dev.s3.amazonaws.com
https://gsjp.s3.amazonaws.com
https://gs2.s3.amazonaws.com
https://gsdemo.s3.amazonaws.com
https://gs-podcasts.s3.amazonaws.com
https://gssg.s3.amazonaws.com
https://gsnetwork.s3.amazonaws.com
https://kb-gs.s3.amazonaws.com
https://gsadmin.s3.amazonaws.com
