https://adgs.s3.amazonaws.com
https://awsgs.s3.amazonaws.com
https://aws-logs-gs.s3.amazonaws.com
https://backup-gs.s3.amazonaws.com
https://backupgs.s3.amazonaws.com
https://backups-gs.s3.amazonaws.com
https://bloggs.s3.amazonaws.com
https://bucketgs.s3.amazonaws.com
https://ccgs.s3.amazonaws.com
https://cdn-gs.s3.amazonaws.com
https://cdngs.s3.amazonaws.com
https://configgs.s3.amazonaws.com
https://dataset-gs.s3.amazonaws.com
https://dlgs.s3.amazonaws.com
https://email-gs.s3.amazonaws.com
https://filesgs.s3.amazonaws.com
https://hags.s3.amazonaws.com
https://imggs.s3.amazonaws.com
https://intgs.s3.amazonaws.com
https://log-gs.s3.amazonaws.com
https://loggs.s3.amazonaws.com
https://main-gs.s3.amazonaws.com
https://netgs.s3.amazonaws.com
https://privategs.s3.amazonaws.com
https://prod-gs.s3.amazonaws.com
https://prodgs.s3.amazonaws.com
https://psgs.s3.amazonaws.com
https://publicgs.s3.amazonaws.com
https://s3gs.s3.amazonaws.com
https://spgs.s3.amazonaws.com
https://splunk-gs.s3.amazonaws.com
https://stagegs.s3.amazonaws.com
https://staticgs.s3.amazonaws.com
https://test-gs.s3.amazonaws.com
https://tmp-gs.s3.amazonaws.com
https://tmpgs.s3.amazonaws.com
https://tsgs.s3.amazonaws.com
https://vmsgs.s3.amazonaws.com
https://wpgs.s3.amazonaws.com
https://snapshotgoldman.s3.amazonaws.com
https://gscom.s3.amazonaws.com
https://gs-assets.s3.amazonaws.com
https://gsassets.s3.amazonaws.com
https://gs01.s3.amazonaws.com
https://gs02.s3.amazonaws.com
https://gs03.s3.amazonaws.com
https://gs2020.s3.amazonaws.com
https://gsab.s3.amazonaws.com
https://gs-api.s3.amazonaws.com
https://gsapi.s3.amazonaws.com
https://gs-app.s3.amazonaws.com
https://gsapp.s3.amazonaws.com
https://gs-apps.s3.amazonaws.com
https://gsattachments.s3.amazonaws.com
https://gsavatar.s3.amazonaws.com
https://gs-avatars.s3.amazonaws.com
https://gs-aws.s3.amazonaws.com
https://gs-backup.s3.amazonaws.com
https://gsbackup.s3.amazonaws.com
https://gs-backups.s3.amazonaws.com
https://gsbackups.s3.amazonaws.com
https://gsbanners.s3.amazonaws.com
https://gs-alpha.s3.amazonaws.com
https://gs-beta.s3.amazonaws.com
https://gsbilling.s3.amazonaws.com
https://gs-blog.s3.amazonaws.com
https://gsblogs.s3.amazonaws.com
https://gs-bucket.s3.amazonaws.com
https://gsbucket.s3.amazonaws.com
https://gscc.s3.amazonaws.com
https://gscdn.s3.amazonaws.com
https://gs-cloud.s3.amazonaws.com
https://gscloud.s3.amazonaws.com
https://gs-cloudfront.s3.amazonaws.com
https://gs-cloudtrail.s3.amazonaws.com
https://gscloudtrail.s3.amazonaws.com
https://gs-code.s3.amazonaws.com
https://gsconfig.s3.amazonaws.com
https://gs-content.s3.amazonaws.com
https://gscontent.s3.amazonaws.com
https://gs-data.s3.amazonaws.com
https://gsdata.s3.amazonaws.com
https://gs-dataset.s3.amazonaws.com
https://gsdatasets.s3.amazonaws.com
https://gsdeveloper.s3.amazonaws.com
https://gs-development.s3.amazonaws.com
https://gs-dist.s3.amazonaws.com
https://gs-distribution.s3.amazonaws.com
https://gsdocker.s3.amazonaws.com
https://gs-docs.s3.amazonaws.com
https://gsdocs.s3.amazonaws.com
https://gs-downloads.s3.amazonaws.com
https://gsdownloads.s3.amazonaws.com
https://gs-drivers.s3.amazonaws.com
https://gsdump.s3.amazonaws.com
https://gs-email.s3.amazonaws.com
https://gsemail.s3.amazonaws.com
https://gs-emails.s3.amazonaws.com
https://gs-export.s3.amazonaws.com
https://gs-exports.s3.amazonaws.com
https://gs-file.s3.amazonaws.com
https://gsfile.s3.amazonaws.com
https://gs-files.s3.amazonaws.com
https://gsfiles.s3.amazonaws.com
https://gs-back.s3.amazonaws.com
https://gsback.s3.amazonaws.com
https://gsha.s3.amazonaws.com
https://gshtml.s3.amazonaws.com
https://gs-hub.s3.amazonaws.com
https://gs-images.s3.amazonaws.com
https://gsimages.s3.amazonaws.com
https://gs-img.s3.amazonaws.com
https://gsimg.s3.amazonaws.com
https://gs-imgs.s3.amazonaws.com
https://gs-infra.s3.amazonaws.com
https://gs-lab.s3.amazonaws.com
https://gslab.s3.amazonaws.com
https://gs-landing.s3.amazonaws.com
https://gslanding.s3.amazonaws.com
https://gsmail.s3.amazonaws.com
https://gsmap.s3.amazonaws.com
https://gsmarketing.s3.amazonaws.com
https://gs-media.s3.amazonaws.com
https://gs-misc.s3.amazonaws.com
https://gsmisc.s3.amazonaws.com
https://gs-ops.s3.amazonaws.com
https://gs-package.s3.amazonaws.com
https://gspartners.s3.amazonaws.com
https://gspdfs.s3.amazonaws.com
https://gsphotos.s3.amazonaws.com
https://gs-pictures.s3.amazonaws.com
https://gspictures.s3.amazonaws.com
https://gs-private.s3.amazonaws.com
https://gspublic.s3.amazonaws.com
https://gs-qa.s3.amazonaws.com
https://gsqa.s3.amazonaws.com
https://gs-repo.s3.amazonaws.com
https://gsrepo.s3.amazonaws.com
https://gs-repository.s3.amazonaws.com
https://gs-resource.s3.amazonaws.com
https://gs-resources.s3.amazonaws.com
https://gsresources.s3.amazonaws.com
https://gs-retail.s3.amazonaws.com
https://gsretail.s3.amazonaws.com
https://gs-s3.s3.amazonaws.com
https://gss3.s3.amazonaws.com
https://gs-sandbox.s3.amazonaws.com
https://gsshare.s3.amazonaws.com
https://gsshared.s3.amazonaws.com
https://gs-shop.s3.amazonaws.com
https://gsshop.s3.amazonaws.com
https://gs-site.s3.amazonaws.com
https://gs-snapshot.s3.amazonaws.com
https://gssp.s3.amazonaws.com
https://gsstage.s3.amazonaws.com
https://gs-static.s3.amazonaws.com
https://gsstorage.s3.amazonaws.com
https://gs-support.s3.amazonaws.com
https://gstemp.s3.amazonaws.com
https://gs-test.s3.amazonaws.com
https://gstest.s3.amazonaws.com
https://gs-tmp.s3.amazonaws.com
https://gs-tools.s3.amazonaws.com
https://gs-training.s3.amazonaws.com
https://gstraining.s3.amazonaws.com
https://gsts.s3.amazonaws.com
https://gsui.s3.amazonaws.com
https://gsupdate.s3.amazonaws.com
https://gs-updates.s3.amazonaws.com
https://gs-upload.s3.amazonaws.com
https://gsupload.s3.amazonaws.com
https://gs-uploads.s3.amazonaws.com
https://gsuploads.s3.amazonaws.com
https://gs-us.s3.amazonaws.com
https://gsus.s3.amazonaws.com
https://gs-user.s3.amazonaws.com
https://gs-video.s3.amazonaws.com
https://gsvideo.s3.amazonaws.com
https://gsvideos.s3.amazonaws.com
https://gsvm.s3.amazonaws.com
https://gs-vms.s3.amazonaws.com
https://gs-widget.s3.amazonaws.com
https://gswp.s3.amazonaws.com
https://goldman-assets.s3.amazonaws.com
https://goldman2023.s3.amazonaws.com
https://goldman-bucket.s3.amazonaws.com
https://goldman-media.s3.amazonaws.com
https://goldmanmedia.s3.amazonaws.com
https://gs-production.s3.amazonaws.com
https://production-gs.s3.amazonaws.com
https://gs-staging.s3.amazonaws.com
https://gsuk.s3.amazonaws.com
https://gs-website.s3.amazonaws.com
https://gswebsite.s3.amazonaws.com
https://gs-live.s3.amazonaws.com
https://gs1.s3.amazonaws.com
https://brgs.s3.amazonaws.com
https://gsca.s3.amazonaws.com
https://jpgs.s3.amazonaws.com
https://gsde.s3.amazonaws.com
https://gstv.s3.amazonaws.com
https://tvgs.s3.amazonaws.com
https://gs-eu.s3.amazonaws.com
https://gseu.s3.amazonaws.com
https://gsco.s3.amazonaws.com
https://cogs.s3.amazonaws.com
https://gs-cms.s3.amazonaws.com
https://gs-demo.s3.amazonaws.com
https://demo-gs.s3.amazonaws.com
https://gs-prd.s3.amazonaws.com
https://nlgs.s3.amazonaws.com
https://gsimage.s3.amazonaws.com
https://gsme.s3.amazonaws.com
https://megs.s3.amazonaws.com
https://ings.s3.amazonaws.com
https://gs-stg.s3.amazonaws.com
https://gs-documents.s3.amazonaws.com
https://gsdocuments.s3.amazonaws.com
https://gsit.s3.amazonaws.com
https://progs.s3.amazonaws.com
https://gs-podcast.s3.amazonaws.com
https://gspodcast.s3.amazonaws.com
https://rugs.s3.amazonaws.com
https://gs-audio.s3.amazonaws.com
https://gsfr.s3.amazonaws.com
https://gs-uat.s3.amazonaws.com
https://gs-testing.s3.amazonaws.com
https://testing-gs.s3.amazonaws.com
https://gstesting.s3.amazonaws.com
https://testinggs.s3.amazonaws.com
https://gspl.s3.amazonaws.com
https://plgs.s3.amazonaws.com
https://es-gs.s3.amazonaws.com
https://gsdk.s3.amazonaws.com
https://gspodcasts.s3.amazonaws.com
https://segs.s3.amazonaws.com
https://gs-pub.s3.amazonaws.com
https://clients-gs.s3.amazonaws.com
https://iegs.s3.amazonaws.com
https://products-gs.s3.amazonaws.com
https://gsproducts.s3.amazonaws.com
https://gsjs.s3.amazonaws.com
https://jsgs.s3.amazonaws.com
https://gsfm.s3.amazonaws.com
https://fmgs.s3.amazonaws.com
https://gspics.s3.amazonaws.com
https://pegs.s3.amazonaws.com
https://gscommon.s3.amazonaws.com
https://zags.s3.amazonaws.com
https://twgs.s3.amazonaws.com
https://my-gs.s3.amazonaws.com
https://gs-local.s3.amazonaws.com
https://gs-community.s3.amazonaws.com
https://gscommunity.s3.amazonaws.com
https://gs-archive.s3.amazonaws.com
https://archivegs.s3.amazonaws.com
https://gsst.s3.amazonaws.com
https://stgs.s3.amazonaws.com
https://gsserver.s3.amazonaws.com
https://gsonline.s3.amazonaws.com
https://gsgroup.s3.amazonaws.com
https://gsbe.s3.amazonaws.com
https://begs.s3.amazonaws.com
https://gs-scripts.s3.amazonaws.com
https://scripts-gs.s3.amazonaws.com
https://gs-reports.s3.amazonaws.com
https://reports-gs.s3.amazonaws.com
https://reportsgs.s3.amazonaws.com
https://gs-p.s3.amazonaws.com
https://gsp.s3.amazonaws.com
https://pgs.s3.amazonaws.com
https://gsgeneral.s3.amazonaws.com
https://portfolio-gs.s3.amazonaws.com
https://ireland-gs.s3.amazonaws.com
https://gsil.s3.amazonaws.com
https://gsar.s3.amazonaws.com
https://args.s3.amazonaws.com
